
> voice-assistant@0.1.0 dev
> next dev

▲ Next.js 16.2.5 (Turbopack)
- Local:         http://localhost:3000
- Network:       http://192.168.1.11:3000
- Environments: .env.local
✓ Ready in 731ms
⚠ Warning: Next.js inferred your workspace root, but it may not be correct.
 We detected multiple lockfiles and selected the directory of /home/dell/package-lock.json as the root directory.
 To silence this warning, set `turbopack.root` in your Next.js config, or consider removing one of the lockfiles if it's not needed.
   See https://nextjs.org/docs/app/api-reference/config/next-config-js/turbopack#root-directory for more information.
 Detected additional lockfiles: 
   * /home/dell/myprojects/voice-assistant/package-lock.json


○ Compiling / ...
Error: Can't resolve 'tailwindcss' in '/home/dell/myprojects'
    [2m[at finishWithoutResolve (/home/dell/myprojects/voice-assistant/node_modules/enhanced-resolve/lib/Resolver.js:909:18)][0m
    [2m[at /home/dell/myprojects/voice-assistant/node_modules/enhanced-resolve/lib/Resolver.js:1001:14][0m
    [2m[at /home/dell/myprojects/voice-assistant/node_modules/enhanced-resolve/lib/Resolver.js:1080:5][0m
    [2m[at eval (eval at create (/home/dell/myprojects/voice-assistant/node_modules/tapable/lib/HookCodeFactory.js:31:10), <anonymous>:15:1)][0m
    [2m[at /home/dell/myprojects/voice-assistant/node_modules/enhanced-resolve/lib/Resolver.js:1080:5][0m
    [2m[at eval (eval at create (/home/dell/myprojects/voice-assistant/node_modules/tapable/lib/HookCodeFactory.js:31:10), <anonymous>:27:1)][0m
    [2m[at /home/dell/myprojects/voice-assistant/node_modules/enhanced-resolve/lib/DescriptionFilePlugin.js:97:43][0m
    [2m[at /home/dell/myprojects/voice-assistant/node_modules/enhanced-resolve/lib/Resolver.js:1080:5][0m
    [2m[at eval (eval at create (/home/dell/myprojects/voice-assistant/node_modules/tapable/lib/HookCodeFactory.js:31:10), <anonymous>:15:1)][0m
    [2m[at /home/dell/myprojects/voice-assistant/node_modules/enhanced-resolve/lib/Resolver.js:1080:5][0m {
  details: "resolve 'tailwindcss' in '/home/dell/myprojects'\n" +
    '  Parsed request is a module\n' +
    '  using description file: /home/dell/package.json (relative path: ./myprojects)\n' +
    '    resolve as module\n' +
    "      /home/dell/myprojects/node_modules doesn't exist or is not a directory\n" +
    '      looking for modules in /home/dell/node_modules\n' +
    '        single file module\n' +
    '          using description file: /home/dell/package.json (relative path: ./node_modules/tailwindcss)\n' +
    '            no extension\n' +
    "              /home/dell/node_modules/tailwindcss doesn't exist\n" +
    '            .css\n' +
    "              /home/dell/node_modules/tailwindcss.css doesn't exist\n" +
    "        /home/dell/node_modules/tailwindcss doesn't exist\n" +
    "      /home/node_modules doesn't exist or is not a directory\n" +
    "      /node_modules doesn't exist or is not a directory"
}
Error: Can't resolve 'tailwindcss' in '/home/dell/myprojects'
    [2m[at finishWithoutResolve (/home/dell/myprojects/voice-assistant/node_modules/enhanced-resolve/lib/Resolver.js:909:18)][0m
    [2m[at /home/dell/myprojects/voice-assistant/node_modules/enhanced-resolve/lib/Resolver.js:1001:14][0m
    [2m[at /home/dell/myprojects/voice-assistant/node_modules/enhanced-resolve/lib/Resolver.js:1080:5][0m
    [2m[at eval (eval at create (/home/dell/myprojects/voice-assistant/node_modules/tapable/lib/HookCodeFactory.js:31:10), <anonymous>:15:1)][0m
    [2m[at /home/dell/myprojects/voice-assistant/node_modules/enhanced-resolve/lib/Resolver.js:1080:5][0m
    [2m[at eval (eval at create (/home/dell/myprojects/voice-assistant/node_modules/tapable/lib/HookCodeFactory.js:31:10), <anonymous>:27:1)][0m
    [2m[at /home/dell/myprojects/voice-assistant/node_modules/enhanced-resolve/lib/DescriptionFilePlugin.js:97:43][0m
    [2m[at /home/dell/myprojects/voice-assistant/node_modules/enhanced-resolve/lib/Resolver.js:1080:5][0m
    [2m[at eval (eval at create (/home/dell/myprojects/voice-assistant/node_modules/tapable/lib/HookCodeFactory.js:31:10), <anonymous>:15:1)][0m
    [2m[at /home/dell/myprojects/voice-assistant/node_modules/enhanced-resolve/lib/Resolver.js:1080:5][0m {
  details: "resolve 'tailwindcss' in '/home/dell/myprojects'\n" +
    '  Parsed request is a module\n' +
    '  using description file: /home/dell/package.json (relative path: ./myprojects)\n' +
    '    resolve as module\n' +
    "      /home/dell/myprojects/node_modules doesn't exist or is not a directory\n" +
    '      looking for modules in /home/dell/node_modules\n' +
    '        single file module\n' +
    '          using description file: /home/dell/package.json (relative path: ./node_modules/tailwindcss)\n' +
    '            no extension\n' +
    "              /home/dell/node_modules/tailwindcss doesn't exist\n" +
    '            .css\n' +
    "              /home/dell/node_modules/tailwindcss.css doesn't exist\n" +
    "        /home/dell/node_modules/tailwindcss doesn't exist\n" +
    "      /home/node_modules doesn't exist or is not a directory\n" +
    "      /node_modules doesn't exist or is not a directory"
}
Error: Can't resolve 'tailwindcss' in '/home/dell/myprojects'
    [2m[at finishWithoutResolve (/home/dell/myprojects/voice-assistant/node_modules/enhanced-resolve/lib/Resolver.js:909:18)][0m
    [2m[at /home/dell/myprojects/voice-assistant/node_modules/enhanced-resolve/lib/Resolver.js:1001:14][0m
    [2m[at /home/dell/myprojects/voice-assistant/node_modules/enhanced-resolve/lib/Resolver.js:1080:5][0m
    [2m[at eval (eval at create (/home/dell/myprojects/voice-assistant/node_modules/tapable/lib/HookCodeFactory.js:31:10), <anonymous>:15:1)][0m
    [2m[at /home/dell/myprojects/voice-assistant/node_modules/enhanced-resolve/lib/Resolver.js:1080:5][0m
    [2m[at eval (eval at create (/home/dell/myprojects/voice-assistant/node_modules/tapable/lib/HookCodeFactory.js:31:10), <anonymous>:27:1)][0m
    [2m[at /home/dell/myprojects/voice-assistant/node_modules/enhanced-resolve/lib/DescriptionFilePlugin.js:97:43][0m
    [2m[at /home/dell/myprojects/voice-assistant/node_modules/enhanced-resolve/lib/Resolver.js:1080:5][0m
    [2m[at eval (eval at create (/home/dell/myprojects/voice-assistant/node_modules/tapable/lib/HookCodeFactory.js:31:10), <anonymous>:15:1)][0m
    [2m[at /home/dell/myprojects/voice-assistant/node_modules/enhanced-resolve/lib/Resolver.js:1080:5][0m {
  details: "resolve 'tailwindcss' in '/home/dell/myprojects'\n" +
    '  Parsed request is a module\n' +
    '  using description file: /home/dell/package.json (relative path: ./myprojects)\n' +
    '    resolve as module\n' +
    "      /home/dell/myprojects/node_modules doesn't exist or is not a directory\n" +
    '      looking for modules in /home/dell/node_modules\n' +
    '        single file module\n' +
    '          using description file: /home/dell/package.json (relative path: ./node_modules/tailwindcss)\n' +
    '            no extension\n' +
    "              /home/dell/node_modules/tailwindcss doesn't exist\n" +
    '            .css\n' +
    "              /home/dell/node_modules/tailwindcss.css doesn't exist\n" +
    "        /home/dell/node_modules/tailwindcss doesn't exist\n" +
    "      /home/node_modules doesn't exist or is not a directory\n" +
    "      /node_modules doesn't exist or is not a directory"
}
Error: Can't resolve 'tailwindcss' in '/home/dell/myprojects'
    [2m[at finishWithoutResolve (/home/dell/myprojects/voice-assistant/node_modules/enhanced-resolve/lib/Resolver.js:909:18)][0m
    [2m[at /home/dell/myprojects/voice-assistant/node_modules/enhanced-resolve/lib/Resolver.js:1001:14][0m
    [2m[at /home/dell/myprojects/voice-assistant/node_modules/enhanced-resolve/lib/Resolver.js:1080:5][0m
    [2m[at eval (eval at create (/home/dell/myprojects/voice-assistant/node_modules/tapable/lib/HookCodeFactory.js:31:10), <anonymous>:15:1)][0m
    [2m[at /home/dell/myprojects/voice-assistant/node_modules/enhanced-resolve/lib/Resolver.js:1080:5][0m
    [2m[at eval (eval at create (/home/dell/myprojects/voice-assistant/node_modules/tapable/lib/HookCodeFactory.js:31:10), <anonymous>:27:1)][0m
    [2m[at /home/dell/myprojects/voice-assistant/node_modules/enhanced-resolve/lib/DescriptionFilePlugin.js:97:43][0m
    [2m[at /home/dell/myprojects/voice-assistant/node_modules/enhanced-resolve/lib/Resolver.js:1080:5][0m
    [2m[at eval (eval at create (/home/dell/myprojects/voice-assistant/node_modules/tapable/lib/HookCodeFactory.js:31:10), <anonymous>:15:1)][0m
    [2m[at /home/dell/myprojects/voice-assistant/node_modules/enhanced-resolve/lib/Resolver.js:1080:5][0m {
  details: "resolve 'tailwindcss' in '/home/dell/myprojects'\n" +
    '  Parsed request is a module\n' +
    '  using description file: /home/dell/package.json (relative path: ./myprojects)\n' +
    '    resolve as module\n' +
    "      /home/dell/myprojects/node_modules doesn't exist or is not a directory\n" +
    '      looking for modules in /home/dell/node_modules\n' +
    '        single file module\n' +
    '          using description file: /home/dell/package.json (relative path: ./node_modules/tailwindcss)\n' +
    '            no extension\n' +
    "              /home/dell/node_modules/tailwindcss doesn't exist\n" +
    '            .css\n' +
    "              /home/dell/node_modules/tailwindcss.css doesn't exist\n" +
    "        /home/dell/node_modules/tailwindcss doesn't exist\n" +
    "      /home/node_modules doesn't exist or is not a directory\n" +
    "      /node_modules doesn't exist or is not a directory"
}
Error: Can't resolve 'tailwindcss' in '/home/dell/myprojects'
    [2m[at finishWithoutResolve (/home/dell/myprojects/voice-assistant/node_modules/enhanced-resolve/lib/Resolver.js:909:18)][0m
    [2m[at /home/dell/myprojects/voice-assistant/node_modules/enhanced-resolve/lib/Resolver.js:1001:14][0m
    [2m[at /home/dell/myprojects/voice-assistant/node_modules/enhanced-resolve/lib/Resolver.js:1080:5][0m
    [2m[at eval (eval at create (/home/dell/myprojects/voice-assistant/node_modules/tapable/lib/HookCodeFactory.js:31:10), <anonymous>:15:1)][0m
    [2m[at /home/dell/myprojects/voice-assistant/node_modules/enhanced-resolve/lib/Resolver.js:1080:5][0m
    [2m[at eval (eval at create (/home/dell/myprojects/voice-assistant/node_modules/tapable/lib/HookCodeFactory.js:31:10), <anonymous>:27:1)][0m
    [2m[at /home/dell/myprojects/voice-assistant/node_modules/enhanced-resolve/lib/DescriptionFilePlugin.js:97:43][0m
    [2m[at /home/dell/myprojects/voice-assistant/node_modules/enhanced-resolve/lib/Resolver.js:1080:5][0m
    [2m[at eval (eval at create (/home/dell/myprojects/voice-assistant/node_modules/tapable/lib/HookCodeFactory.js:31:10), <anonymous>:15:1)][0m
    [2m[at /home/dell/myprojects/voice-assistant/node_modules/enhanced-resolve/lib/Resolver.js:1080:5][0m {
  details: "resolve 'tailwindcss' in '/home/dell/myprojects'\n" +
    '  Parsed request is a module\n' +
    '  using description file: /home/dell/package.json (relative path: ./myprojects)\n' +
    '    resolve as module\n' +
    "      /home/dell/myprojects/node_modules doesn't exist or is not a directory\n" +
    '      looking for modules in /home/dell/node_modules\n' +
    '        single file module\n' +
    '          using description file: /home/dell/package.json (relative path: ./node_modules/tailwindcss)\n' +
    '            no extension\n' +
    "              /home/dell/node_modules/tailwindcss doesn't exist\n" +
    '            .css\n' +
    "              /home/dell/node_modules/tailwindcss.css doesn't exist\n" +
    "        /home/dell/node_modules/tailwindcss doesn't exist\n" +
    "      /home/node_modules doesn't exist or is not a directory\n" +
    "      /node_modules doesn't exist or is not a directory"
}
Error: Can't resolve 'tailwindcss' in '/home/dell/myprojects'
    [2m[at finishWithoutResolve (/home/dell/myprojects/voice-assistant/node_modules/enhanced-resolve/lib/Resolver.js:909:18)][0m
    [2m[at /home/dell/myprojects/voice-assistant/node_modules/enhanced-resolve/lib/Resolver.js:1001:14][0m
    [2m[at /home/dell/myprojects/voice-assistant/node_modules/enhanced-resolve/lib/Resolver.js:1080:5][0m
    [2m[at eval (eval at create (/home/dell/myprojects/voice-assistant/node_modules/tapable/lib/HookCodeFactory.js:31:10), <anonymous>:15:1)][0m
    [2m[at /home/dell/myprojects/voice-assistant/node_modules/enhanced-resolve/lib/Resolver.js:1080:5][0m
    [2m[at eval (eval at create (/home/dell/myprojects/voice-assistant/node_modules/tapable/lib/HookCodeFactory.js:31:10), <anonymous>:27:1)][0m
    [2m[at /home/dell/myprojects/voice-assistant/node_modules/enhanced-resolve/lib/DescriptionFilePlugin.js:97:43][0m
    [2m[at /home/dell/myprojects/voice-assistant/node_modules/enhanced-resolve/lib/Resolver.js:1080:5][0m
    [2m[at eval (eval at create (/home/dell/myprojects/voice-assistant/node_modules/tapable/lib/HookCodeFactory.js:31:10), <anonymous>:15:1)][0m
    [2m[at /home/dell/myprojects/voice-assistant/node_modules/enhanced-resolve/lib/Resolver.js:1080:5][0m {
  details: "resolve 'tailwindcss' in '/home/dell/myprojects'\n" +
    '  Parsed request is a module\n' +
    '  using description file: /home/dell/package.json (relative path: ./myprojects)\n' +
    '    resolve as module\n' +
    "      /home/dell/myprojects/node_modules doesn't exist or is not a directory\n" +
    '      looking for modules in /home/dell/node_modules\n' +
    '        single file module\n' +
    '          using description file: /home/dell/package.json (relative path: ./node_modules/tailwindcss)\n' +
    '            no extension\n' +
    "              /home/dell/node_modules/tailwindcss doesn't exist\n" +
    '            .css\n' +
    "              /home/dell/node_modules/tailwindcss.css doesn't exist\n" +
    "        /home/dell/node_modules/tailwindcss doesn't exist\n" +
    "      /home/node_modules doesn't exist or is not a directory\n" +
    "      /node_modules doesn't exist or is not a directory"
}
Error: Can't resolve 'tailwindcss' in '/home/dell/myprojects'
    [2m[at finishWithoutResolve (/home/dell/myprojects/voice-assistant/node_modules/enhanced-resolve/lib/Resolver.js:909:18)][0m
    [2m[at /home/dell/myprojects/voice-assistant/node_modules/enhanced-resolve/lib/Resolver.js:1001:14][0m
    [2m[at /home/dell/myprojects/voice-assistant/node_modules/enhanced-resolve/lib/Resolver.js:1080:5][0m
    [2m[at eval (eval at create (/home/dell/myprojects/voice-assistant/node_modules/tapable/lib/HookCodeFactory.js:31:10), <anonymous>:15:1)][0m
    [2m[at /home/dell/myprojects/voice-assistant/node_modules/enhanced-resolve/lib/Resolver.js:1080:5][0m
    [2m[at eval (eval at create (/home/dell/myprojects/voice-assistant/node_modules/tapable/lib/HookCodeFactory.js:31:10), <anonymous>:27:1)][0m
    [2m[at /home/dell/myprojects/voice-assistant/node_modules/enhanced-resolve/lib/DescriptionFilePlugin.js:97:43][0m
    [2m[at /home/dell/myprojects/voice-assistant/node_modules/enhanced-resolve/lib/Resolver.js:1080:5][0m
    [2m[at eval (eval at create (/home/dell/myprojects/voice-assistant/node_modules/tapable/lib/HookCodeFactory.js:31:10), <anonymous>:15:1)][0m
    [2m[at /home/dell/myprojects/voice-assistant/node_modules/enhanced-resolve/lib/Resolver.js:1080:5][0m {
  details: "resolve 'tailwindcss' in '/home/dell/myprojects'\n" +
    '  Parsed request is a module\n' +
    '  using description file: /home/dell/package.json (relative path: ./myprojects)\n' +
    '    resolve as module\n' +
    "      /home/dell/myprojects/node_modules doesn't exist or is not a directory\n" +
    '      looking for modules in /home/dell/node_modules\n' +
    '        single file module\n' +
    '          using description file: /home/dell/package.json (relative path: ./node_modules/tailwindcss)\n' +
    '            no extension\n' +
    "              /home/dell/node_modules/tailwindcss doesn't exist\n" +
    '            .css\n' +
    "              /home/dell/node_modules/tailwindcss.css doesn't exist\n" +
    "        /home/dell/node_modules/tailwindcss doesn't exist\n" +
    "      /home/node_modules doesn't exist or is not a directory\n" +
    "      /node_modules doesn't exist or is not a directory"
}
Error: Can't resolve 'tailwindcss' in '/home/dell/myprojects'
    [2m[at finishWithoutResolve (/home/dell/myprojects/voice-assistant/node_modules/enhanced-resolve/lib/Resolver.js:909:18)][0m
    [2m[at /home/dell/myprojects/voice-assistant/node_modules/enhanced-resolve/lib/Resolver.js:1001:14][0m
    [2m[at /home/dell/myprojects/voice-assistant/node_modules/enhanced-resolve/lib/Resolver.js:1080:5][0m
    [2m[at eval (eval at create (/home/dell/myprojects/voice-assistant/node_modules/tapable/lib/HookCodeFactory.js:31:10), <anonymous>:15:1)][0m
    [2m[at /home/dell/myprojects/voice-assistant/node_modules/enhanced-resolve/lib/Resolver.js:1080:5][0m
    [2m[at eval (eval at create (/home/dell/myprojects/voice-assistant/node_modules/tapable/lib/HookCodeFactory.js:31:10), <anonymous>:27:1)][0m
    [2m[at /home/dell/myprojects/voice-assistant/node_modules/enhanced-resolve/lib/DescriptionFilePlugin.js:97:43][0m
    [2m[at /home/dell/myprojects/voice-assistant/node_modules/enhanced-resolve/lib/Resolver.js:1080:5][0m
    [2m[at eval (eval at create (/home/dell/myprojects/voice-assistant/node_modules/tapable/lib/HookCodeFactory.js:31:10), <anonymous>:15:1)][0m
    [2m[at /home/dell/myprojects/voice-assistant/node_modules/enhanced-resolve/lib/Resolver.js:1080:5][0m {
  details: "resolve 'tailwindcss' in '/home/dell/myprojects'\n" +
    '  Parsed request is a module\n' +
    '  using description file: /home/dell/package.json (relative path: ./myprojects)\n' +
    '    resolve as module\n' +
    "      /home/dell/myprojects/node_modules doesn't exist or is not a directory\n" +
    '      looking for modules in /home/dell/node_modules\n' +
    '        single file module\n' +
    '          using description file: /home/dell/package.json (relative path: ./node_modules/tailwindcss)\n' +
    '            no extension\n' +
    "              /home/dell/node_modules/tailwindcss doesn't exist\n" +
    '            .css\n' +
    "              /home/dell/node_modules/tailwindcss.css doesn't exist\n" +
    "        /home/dell/node_modules/tailwindcss doesn't exist\n" +
    "      /home/node_modules doesn't exist or is not a directory\n" +
    "      /node_modules doesn't exist or is not a directory"
}
Error: Can't resolve 'tailwindcss' in '/home/dell/myprojects'
    [2m[at finishWithoutResolve (/home/dell/myprojects/voice-assistant/node_modules/enhanced-resolve/lib/Resolver.js:909:18)][0m
    [2m[at /home/dell/myprojects/voice-assistant/node_modules/enhanced-resolve/lib/Resolver.js:1001:14][0m
    [2m[at /home/dell/myprojects/voice-assistant/node_modules/enhanced-resolve/lib/Resolver.js:1080:5][0m
    [2m[at eval (eval at create (/home/dell/myprojects/voice-assistant/node_modules/tapable/lib/HookCodeFactory.js:31:10), <anonymous>:15:1)][0m
    [2m[at /home/dell/myprojects/voice-assistant/node_modules/enhanced-resolve/lib/Resolver.js:1080:5][0m
    [2m[at eval (eval at create (/home/dell/myprojects/voice-assistant/node_modules/tapable/lib/HookCodeFactory.js:31:10), <anonymous>:27:1)][0m
    [2m[at /home/dell/myprojects/voice-assistant/node_modules/enhanced-resolve/lib/DescriptionFilePlugin.js:97:43][0m
    [2m[at /home/dell/myprojects/voice-assistant/node_modules/enhanced-resolve/lib/Resolver.js:1080:5][0m
    [2m[at eval (eval at create (/home/dell/myprojects/voice-assistant/node_modules/tapable/lib/HookCodeFactory.js:31:10), <anonymous>:15:1)][0m
    [2m[at /home/dell/myprojects/voice-assistant/node_modules/enhanced-resolve/lib/Resolver.js:1080:5][0m {
  details: "resolve 'tailwindcss' in '/home/dell/myprojects'\n" +
    '  Parsed request is a module\n' +
    '  using description file: /home/dell/package.json (relative path: ./myprojects)\n' +
    '    resolve as module\n' +
    "      /home/dell/myprojects/node_modules doesn't exist or is not a directory\n" +
    '      looking for modules in /home/dell/node_modules\n' +
    '        single file module\n' +
    '          using description file: /home/dell/package.json (relative path: ./node_modules/tailwindcss)\n' +
    '            no extension\n' +
    "              /home/dell/node_modules/tailwindcss doesn't exist\n" +
    '            .css\n' +
    "              /home/dell/node_modules/tailwindcss.css doesn't exist\n" +
    "        /home/dell/node_modules/tailwindcss doesn't exist\n" +
    "      /home/node_modules doesn't exist or is not a directory\n" +
    "      /node_modules doesn't exist or is not a directory"
}
Error: Can't resolve 'tailwindcss' in '/home/dell/myprojects'
    [2m[at finishWithoutResolve (/home/dell/myprojects/voice-assistant/node_modules/enhanced-resolve/lib/Resolver.js:909:18)][0m
    [2m[at /home/dell/myprojects/voice-assistant/node_modules/enhanced-resolve/lib/Resolver.js:1001:14][0m
    [2m[at /home/dell/myprojects/voice-assistant/node_modules/enhanced-resolve/lib/Resolver.js:1080:5][0m
    [2m[at eval (eval at create (/home/dell/myprojects/voice-assistant/node_modules/tapable/lib/HookCodeFactory.js:31:10), <anonymous>:15:1)][0m
    [2m[at /home/dell/myprojects/voice-assistant/node_modules/enhanced-resolve/lib/Resolver.js:1080:5][0m
    [2m[at eval (eval at create (/home/dell/myprojects/voice-assistant/node_modules/tapable/lib/HookCodeFactory.js:31:10), <anonymous>:27:1)][0m
    [2m[at /home/dell/myprojects/voice-assistant/node_modules/enhanced-resolve/lib/DescriptionFilePlugin.js:97:43][0m
    [2m[at /home/dell/myprojects/voice-assistant/node_modules/enhanced-resolve/lib/Resolver.js:1080:5][0m
    [2m[at eval (eval at create (/home/dell/myprojects/voice-assistant/node_modules/tapable/lib/HookCodeFactory.js:31:10), <anonymous>:15:1)][0m
    [2m[at /home/dell/myprojects/voice-assistant/node_modules/enhanced-resolve/lib/Resolver.js:1080:5][0m {
  details: "resolve 'tailwindcss' in '/home/dell/myprojects'\n" +
    '  Parsed request is a module\n' +
    '  using description file: /home/dell/package.json (relative path: ./myprojects)\n' +
    '    resolve as module\n' +
    "      /home/dell/myprojects/node_modules doesn't exist or is not a directory\n" +
    '      looking for modules in /home/dell/node_modules\n' +
    '        single file module\n' +
    '          using description file: /home/dell/package.json (relative path: ./node_modules/tailwindcss)\n' +
    '            no extension\n' +
    "              /home/dell/node_modules/tailwindcss doesn't exist\n" +
    '            .css\n' +
    "              /home/dell/node_modules/tailwindcss.css doesn't exist\n" +
    "        /home/dell/node_modules/tailwindcss doesn't exist\n" +
    "      /home/node_modules doesn't exist or is not a directory\n" +
    "      /node_modules doesn't exist or is not a directory"
}
Error: Can't resolve 'tailwindcss' in '/home/dell/myprojects'
    [2m[at finishWithoutResolve (/home/dell/myprojects/voice-assistant/node_modules/enhanced-resolve/lib/Resolver.js:909:18)][0m
    [2m[at /home/dell/myprojects/voice-assistant/node_modules/enhanced-resolve/lib/Resolver.js:1001:14][0m
    [2m[at /home/dell/myprojects/voice-assistant/node_modules/enhanced-resolve/lib/Resolver.js:1080:5][0m
    [2m[at eval (eval at create (/home/dell/myprojects/voice-assistant/node_modules/tapable/lib/HookCodeFactory.js:31:10), <anonymous>:15:1)][0m
    [2m[at /home/dell/myprojects/voice-assistant/node_modules/enhanced-resolve/lib/Resolver.js:1080:5][0m
    [2m[at eval (eval at create (/home/dell/myprojects/voice-assistant/node_modules/tapable/lib/HookCodeFactory.js:31:10), <anonymous>:27:1)][0m
    [2m[at /home/dell/myprojects/voice-assistant/node_modules/enhanced-resolve/lib/DescriptionFilePlugin.js:97:43][0m
    [2m[at /home/dell/myprojects/voice-assistant/node_modules/enhanced-resolve/lib/Resolver.js:1080:5][0m
    [2m[at eval (eval at create (/home/dell/myprojects/voice-assistant/node_modules/tapable/lib/HookCodeFactory.js:31:10), <anonymous>:15:1)][0m
    [2m[at /home/dell/myprojects/voice-assistant/node_modules/enhanced-resolve/lib/Resolver.js:1080:5][0m {
  details: "resolve 'tailwindcss' in '/home/dell/myprojects'\n" +
    '  Parsed request is a module\n' +
    '  using description file: /home/dell/package.json (relative path: ./myprojects)\n' +
    '    resolve as module\n' +
    "      /home/dell/myprojects/node_modules doesn't exist or is not a directory\n" +
    '      looking for modules in /home/dell/node_modules\n' +
    '        single file module\n' +
    '          using description file: /home/dell/package.json (relative path: ./node_modules/tailwindcss)\n' +
    '            no extension\n' +
    "              /home/dell/node_modules/tailwindcss doesn't exist\n" +
    '            .css\n' +
    "              /home/dell/node_modules/tailwindcss.css doesn't exist\n" +
    "        /home/dell/node_modules/tailwindcss doesn't exist\n" +
    "      /home/node_modules doesn't exist or is not a directory\n" +
    "      /node_modules doesn't exist or is not a directory"
}
Error: Can't resolve 'tailwindcss' in '/home/dell/myprojects'
    [2m[at finishWithoutResolve (/home/dell/myprojects/voice-assistant/node_modules/enhanced-resolve/lib/Resolver.js:909:18)][0m
    [2m[at /home/dell/myprojects/voice-assistant/node_modules/enhanced-resolve/lib/Resolver.js:1001:14][0m
    [2m[at /home/dell/myprojects/voice-assistant/node_modules/enhanced-resolve/lib/Resolver.js:1080:5][0m
    [2m[at eval (eval at create (/home/dell/myprojects/voice-assistant/node_modules/tapable/lib/HookCodeFactory.js:31:10), <anonymous>:15:1)][0m
    [2m[at /home/dell/myprojects/voice-assistant/node_modules/enhanced-resolve/lib/Resolver.js:1080:5][0m
    [2m[at eval (eval at create (/home/dell/myprojects/voice-assistant/node_modules/tapable/lib/HookCodeFactory.js:31:10), <anonymous>:27:1)][0m
    [2m[at /home/dell/myprojects/voice-assistant/node_modules/enhanced-resolve/lib/DescriptionFilePlugin.js:97:43][0m
    [2m[at /home/dell/myprojects/voice-assistant/node_modules/enhanced-resolve/lib/Resolver.js:1080:5][0m
    [2m[at eval (eval at create (/home/dell/myprojects/voice-assistant/node_modules/tapable/lib/HookCodeFactory.js:31:10), <anonymous>:15:1)][0m
    [2m[at /home/dell/myprojects/voice-assistant/node_modules/enhanced-resolve/lib/Resolver.js:1080:5][0m {
  details: "resolve 'tailwindcss' in '/home/dell/myprojects'\n" +
    '  Parsed request is a module\n' +
    '  using description file: /home/dell/package.json (relative path: ./myprojects)\n' +
    '    resolve as module\n' +
    "      /home/dell/myprojects/node_modules doesn't exist or is not a directory\n" +
    '      looking for modules in /home/dell/node_modules\n' +
    '        single file module\n' +
    '          using description file: /home/dell/package.json (relative path: ./node_modules/tailwindcss)\n' +
    '            no extension\n' +
    "              /home/dell/node_modules/tailwindcss doesn't exist\n" +
    '            .css\n' +
    "              /home/dell/node_modules/tailwindcss.css doesn't exist\n" +
    "        /home/dell/node_modules/tailwindcss doesn't exist\n" +
    "      /home/node_modules doesn't exist or is not a directory\n" +
    "      /node_modules doesn't exist or is not a directory"
}
Error: Can't resolve 'tailwindcss' in '/home/dell/myprojects'
    [2m[at finishWithoutResolve (/home/dell/myprojects/voice-assistant/node_modules/enhanced-resolve/lib/Resolver.js:909:18)][0m
    [2m[at /home/dell/myprojects/voice-assistant/node_modules/enhanced-resolve/lib/Resolver.js:1001:14][0m
    [2m[at /home/dell/myprojects/voice-assistant/node_modules/enhanced-resolve/lib/Resolver.js:1080:5][0m
    [2m[at eval (eval at create (/home/dell/myprojects/voice-assistant/node_modules/tapable/lib/HookCodeFactory.js:31:10), <anonymous>:15:1)][0m
    [2m[at /home/dell/myprojects/voice-assistant/node_modules/enhanced-resolve/lib/Resolver.js:1080:5][0m
    [2m[at eval (eval at create (/home/dell/myprojects/voice-assistant/node_modules/tapable/lib/HookCodeFactory.js:31:10), <anonymous>:27:1)][0m
    [2m[at /home/dell/myprojects/voice-assistant/node_modules/enhanced-resolve/lib/DescriptionFilePlugin.js:97:43][0m
    [2m[at /home/dell/myprojects/voice-assistant/node_modules/enhanced-resolve/lib/Resolver.js:1080:5][0m
    [2m[at eval (eval at create (/home/dell/myprojects/voice-assistant/node_modules/tapable/lib/HookCodeFactory.js:31:10), <anonymous>:15:1)][0m
    [2m[at /home/dell/myprojects/voice-assistant/node_modules/enhanced-resolve/lib/Resolver.js:1080:5][0m {
  details: "resolve 'tailwindcss' in '/home/dell/myprojects'\n" +
    '  Parsed request is a module\n' +
    '  using description file: /home/dell/package.json (relative path: ./myprojects)\n' +
    '    resolve as module\n' +
    "      /home/dell/myprojects/node_modules doesn't exist or is not a directory\n" +
    '      looking for modules in /home/dell/node_modules\n' +
    '        single file module\n' +
    '          using description file: /home/dell/package.json (relative path: ./node_modules/tailwindcss)\n' +
    '            no extension\n' +
    "              /home/dell/node_modules/tailwindcss doesn't exist\n" +
    '            .css\n' +
    "              /home/dell/node_modules/tailwindcss.css doesn't exist\n" +
    "        /home/dell/node_modules/tailwindcss doesn't exist\n" +
    "      /home/node_modules doesn't exist or is not a directory\n" +
    "      /node_modules doesn't exist or is not a directory"
}
Error: Can't resolve 'tailwindcss' in '/home/dell/myprojects'
    [2m[at finishWithoutResolve (/home/dell/myprojects/voice-assistant/node_modules/enhanced-resolve/lib/Resolver.js:909:18)][0m
    [2m[at /home/dell/myprojects/voice-assistant/node_modules/enhanced-resolve/lib/Resolver.js:1001:14][0m
    [2m[at /home/dell/myprojects/voice-assistant/node_modules/enhanced-resolve/lib/Resolver.js:1080:5][0m
    [2m[at eval (eval at create (/home/dell/myprojects/voice-assistant/node_modules/tapable/lib/HookCodeFactory.js:31:10), <anonymous>:15:1)][0m
    [2m[at /home/dell/myprojects/voice-assistant/node_modules/enhanced-resolve/lib/Resolver.js:1080:5][0m
    [2m[at eval (eval at create (/home/dell/myprojects/voice-assistant/node_modules/tapable/lib/HookCodeFactory.js:31:10), <anonymous>:27:1)][0m
    [2m[at /home/dell/myprojects/voice-assistant/node_modules/enhanced-resolve/lib/DescriptionFilePlugin.js:97:43][0m
    [2m[at /home/dell/myprojects/voice-assistant/node_modules/enhanced-resolve/lib/Resolver.js:1080:5][0m
    [2m[at eval (eval at create (/home/dell/myprojects/voice-assistant/node_modules/tapable/lib/HookCodeFactory.js:31:10), <anonymous>:15:1)][0m
    [2m[at /home/dell/myprojects/voice-assistant/node_modules/enhanced-resolve/lib/Resolver.js:1080:5][0m {
  details: "resolve 'tailwindcss' in '/home/dell/myprojects'\n" +
    '  Parsed request is a module\n' +
    '  using description file: /home/dell/package.json (relative path: ./myprojects)\n' +
    '    resolve as module\n' +
    "      /home/dell/myprojects/node_modules doesn't exist or is not a directory\n" +
    '      looking for modules in /home/dell/node_modules\n' +
    '        single file module\n' +
    '          using description file: /home/dell/package.json (relative path: ./node_modules/tailwindcss)\n' +
    '            no extension\n' +
    "              /home/dell/node_modules/tailwindcss doesn't exist\n" +
    '            .css\n' +
    "              /home/dell/node_modules/tailwindcss.css doesn't exist\n" +
    "        /home/dell/node_modules/tailwindcss doesn't exist\n" +
    "      /home/node_modules doesn't exist or is not a directory\n" +
    "      /node_modules doesn't exist or is not a directory"
}
Error: Can't resolve 'tailwindcss' in '/home/dell/myprojects'
    [2m[at finishWithoutResolve (/home/dell/myprojects/voice-assistant/node_modules/enhanced-resolve/lib/Resolver.js:909:18)][0m
    [2m[at /home/dell/myprojects/voice-assistant/node_modules/enhanced-resolve/lib/Resolver.js:1001:14][0m
    [2m[at /home/dell/myprojects/voice-assistant/node_modules/enhanced-resolve/lib/Resolver.js:1080:5][0m
    [2m[at eval (eval at create (/home/dell/myprojects/voice-assistant/node_modules/tapable/lib/HookCodeFactory.js:31:10), <anonymous>:15:1)][0m
    [2m[at /home/dell/myprojects/voice-assistant/node_modules/enhanced-resolve/lib/Resolver.js:1080:5][0m
    [2m[at eval (eval at create (/home/dell/myprojects/voice-assistant/node_modules/tapable/lib/HookCodeFactory.js:31:10), <anonymous>:27:1)][0m
    [2m[at /home/dell/myprojects/voice-assistant/node_modules/enhanced-resolve/lib/DescriptionFilePlugin.js:97:43][0m
    [2m[at /home/dell/myprojects/voice-assistant/node_modules/enhanced-resolve/lib/Resolver.js:1080:5][0m
    [2m[at eval (eval at create (/home/dell/myprojects/voice-assistant/node_modules/tapable/lib/HookCodeFactory.js:31:10), <anonymous>:15:1)][0m
    [2m[at /home/dell/myprojects/voice-assistant/node_modules/enhanced-resolve/lib/Resolver.js:1080:5][0m {
  details: "resolve 'tailwindcss' in '/home/dell/myprojects'\n" +
    '  Parsed request is a module\n' +
    '  using description file: /home/dell/package.json (relative path: ./myprojects)\n' +
    '    resolve as module\n' +
    "      /home/dell/myprojects/node_modules doesn't exist or is not a directory\n" +
    '      looking for modules in /home/dell/node_modules\n' +
    '        single file module\n' +
    '          using description file: /home/dell/package.json (relative path: ./node_modules/tailwindcss)\n' +
    '            no extension\n' +
    "              /home/dell/node_modules/tailwindcss doesn't exist\n" +
    '            .css\n' +
    "              /home/dell/node_modules/tailwindcss.css doesn't exist\n" +
    "        /home/dell/node_modules/tailwindcss doesn't exist\n" +
    "      /home/node_modules doesn't exist or is not a directory\n" +
    "      /node_modules doesn't exist or is not a directory"
}
Error: Can't resolve 'tailwindcss' in '/home/dell/myprojects'
    [2m[at finishWithoutResolve (/home/dell/myprojects/voice-assistant/node_modules/enhanced-resolve/lib/Resolver.js:909:18)][0m
    [2m[at /home/dell/myprojects/voice-assistant/node_modules/enhanced-resolve/lib/Resolver.js:1001:14][0m
    [2m[at /home/dell/myprojects/voice-assistant/node_modules/enhanced-resolve/lib/Resolver.js:1080:5][0m
    [2m[at eval (eval at create (/home/dell/myprojects/voice-assistant/node_modules/tapable/lib/HookCodeFactory.js:31:10), <anonymous>:15:1)][0m
    [2m[at /home/dell/myprojects/voice-assistant/node_modules/enhanced-resolve/lib/Resolver.js:1080:5][0m
    [2m[at eval (eval at create (/home/dell/myprojects/voice-assistant/node_modules/tapable/lib/HookCodeFactory.js:31:10), <anonymous>:27:1)][0m
    [2m[at /home/dell/myprojects/voice-assistant/node_modules/enhanced-resolve/lib/DescriptionFilePlugin.js:97:43][0m
    [2m[at /home/dell/myprojects/voice-assistant/node_modules/enhanced-resolve/lib/Resolver.js:1080:5][0m
    [2m[at eval (eval at create (/home/dell/myprojects/voice-assistant/node_modules/tapable/lib/HookCodeFactory.js:31:10), <anonymous>:15:1)][0m
    [2m[at /home/dell/myprojects/voice-assistant/node_modules/enhanced-resolve/lib/Resolver.js:1080:5][0m {
  details: "resolve 'tailwindcss' in '/home/dell/myprojects'\n" +
    '  Parsed request is a module\n' +
    '  using description file: /home/dell/package.json (relative path: ./myprojects)\n' +
    '    resolve as module\n' +
    "      /home/dell/myprojects/node_modules doesn't exist or is not a directory\n" +
    '      looking for modules in /home/dell/node_modules\n' +
    '        single file module\n' +
    '          using description file: /home/dell/package.json (relative path: ./node_modules/tailwindcss)\n' +
    '            no extension\n' +
    "              /home/dell/node_modules/tailwindcss doesn't exist\n" +
    '            .css\n' +
    "              /home/dell/node_modules/tailwindcss.css doesn't exist\n" +
    "        /home/dell/node_modules/tailwindcss doesn't exist\n" +
    "      /home/node_modules doesn't exist or is not a directory\n" +
    "      /node_modules doesn't exist or is not a directory"
}
Error: Can't resolve 'tailwindcss' in '/home/dell/myprojects'
    [2m[at finishWithoutResolve (/home/dell/myprojects/voice-assistant/node_modules/enhanced-resolve/lib/Resolver.js:909:18)][0m
    [2m[at /home/dell/myprojects/voice-assistant/node_modules/enhanced-resolve/lib/Resolver.js:1001:14][0m
    [2m[at /home/dell/myprojects/voice-assistant/node_modules/enhanced-resolve/lib/Resolver.js:1080:5][0m
    [2m[at eval (eval at create (/home/dell/myprojects/voice-assistant/node_modules/tapable/lib/HookCodeFactory.js:31:10), <anonymous>:15:1)][0m
    [2m[at /home/dell/myprojects/voice-assistant/node_modules/enhanced-resolve/lib/Resolver.js:1080:5][0m
    [2m[at eval (eval at create (/home/dell/myprojects/voice-assistant/node_modules/tapable/lib/HookCodeFactory.js:31:10), <anonymous>:27:1)][0m
    [2m[at /home/dell/myprojects/voice-assistant/node_modules/enhanced-resolve/lib/DescriptionFilePlugin.js:97:43][0m
    [2m[at /home/dell/myprojects/voice-assistant/node_modules/enhanced-resolve/lib/Resolver.js:1080:5][0m
    [2m[at eval (eval at create (/home/dell/myprojects/voice-assistant/node_modules/tapable/lib/HookCodeFactory.js:31:10), <anonymous>:15:1)][0m
    [2m[at /home/dell/myprojects/voice-assistant/node_modules/enhanced-resolve/lib/Resolver.js:1080:5][0m {
  details: "resolve 'tailwindcss' in '/home/dell/myprojects'\n" +
    '  Parsed request is a module\n' +
    '  using description file: /home/dell/package.json (relative path: ./myprojects)\n' +
    '    resolve as module\n' +
    "      /home/dell/myprojects/node_modules doesn't exist or is not a directory\n" +
    '      looking for modules in /home/dell/node_modules\n' +
    '        single file module\n' +
    '          using description file: /home/dell/package.json (relative path: ./node_modules/tailwindcss)\n' +
    '            no extension\n' +
    "              /home/dell/node_modules/tailwindcss doesn't exist\n" +
    '            .css\n' +
    "              /home/dell/node_modules/tailwindcss.css doesn't exist\n" +
    "        /home/dell/node_modules/tailwindcss doesn't exist\n" +
    "      /home/node_modules doesn't exist or is not a directory\n" +
    "      /node_modules doesn't exist or is not a directory"
}
Error: Can't resolve 'tailwindcss' in '/home/dell/myprojects'
    [2m[at finishWithoutResolve (/home/dell/myprojects/voice-assistant/node_modules/enhanced-resolve/lib/Resolver.js:909:18)][0m
    [2m[at /home/dell/myprojects/voice-assistant/node_modules/enhanced-resolve/lib/Resolver.js:1001:14][0m
    [2m[at /home/dell/myprojects/voice-assistant/node_modules/enhanced-resolve/lib/Resolver.js:1080:5][0m
    [2m[at eval (eval at create (/home/dell/myprojects/voice-assistant/node_modules/tapable/lib/HookCodeFactory.js:31:10), <anonymous>:15:1)][0m
    [2m[at /home/dell/myprojects/voice-assistant/node_modules/enhanced-resolve/lib/Resolver.js:1080:5][0m
    [2m[at eval (eval at create (/home/dell/myprojects/voice-assistant/node_modules/tapable/lib/HookCodeFactory.js:31:10), <anonymous>:27:1)][0m
    [2m[at /home/dell/myprojects/voice-assistant/node_modules/enhanced-resolve/lib/DescriptionFilePlugin.js:97:43][0m
    [2m[at /home/dell/myprojects/voice-assistant/node_modules/enhanced-resolve/lib/Resolver.js:1080:5][0m
    [2m[at eval (eval at create (/home/dell/myprojects/voice-assistant/node_modules/tapable/lib/HookCodeFactory.js:31:10), <anonymous>:15:1)][0m
    [2m[at /home/dell/myprojects/voice-assistant/node_modules/enhanced-resolve/lib/Resolver.js:1080:5][0m {
  details: "resolve 'tailwindcss' in '/home/dell/myprojects'\n" +
    '  Parsed request is a module\n' +
    '  using description file: /home/dell/package.json (relative path: ./myprojects)\n' +
    '    resolve as module\n' +
    "      /home/dell/myprojects/node_modules doesn't exist or is not a directory\n" +
    '      looking for modules in /home/dell/node_modules\n' +
    '        single file module\n' +
    '          using description file: /home/dell/package.json (relative path: ./node_modules/tailwindcss)\n' +
    '            no extension\n' +
    "              /home/dell/node_modules/tailwindcss doesn't exist\n" +
    '            .css\n' +
    "              /home/dell/node_modules/tailwindcss.css doesn't exist\n" +
    "        /home/dell/node_modules/tailwindcss doesn't exist\n" +
    "      /home/node_modules doesn't exist or is not a directory\n" +
    "      /node_modules doesn't exist or is not a directory"
}
Error: Can't resolve 'tailwindcss' in '/home/dell/myprojects'
    [2m[at finishWithoutResolve (/home/dell/myprojects/voice-assistant/node_modules/enhanced-resolve/lib/Resolver.js:909:18)][0m
    [2m[at /home/dell/myprojects/voice-assistant/node_modules/enhanced-resolve/lib/Resolver.js:1001:14][0m
    [2m[at /home/dell/myprojects/voice-assistant/node_modules/enhanced-resolve/lib/Resolver.js:1080:5][0m
    [2m[at eval (eval at create (/home/dell/myprojects/voice-assistant/node_modules/tapable/lib/HookCodeFactory.js:31:10), <anonymous>:15:1)][0m
    [2m[at /home/dell/myprojects/voice-assistant/node_modules/enhanced-resolve/lib/Resolver.js:1080:5][0m
    [2m[at eval (eval at create (/home/dell/myprojects/voice-assistant/node_modules/tapable/lib/HookCodeFactory.js:31:10), <anonymous>:27:1)][0m
    [2m[at /home/dell/myprojects/voice-assistant/node_modules/enhanced-resolve/lib/DescriptionFilePlugin.js:97:43][0m
    [2m[at /home/dell/myprojects/voice-assistant/node_modules/enhanced-resolve/lib/Resolver.js:1080:5][0m
    [2m[at eval (eval at create (/home/dell/myprojects/voice-assistant/node_modules/tapable/lib/HookCodeFactory.js:31:10), <anonymous>:15:1)][0m
    [2m[at /home/dell/myprojects/voice-assistant/node_modules/enhanced-resolve/lib/Resolver.js:1080:5][0m {
  details: "resolve 'tailwindcss' in '/home/dell/myprojects'\n" +
    '  Parsed request is a module\n' +
    '  using description file: /home/dell/package.json (relative path: ./myprojects)\n' +
    '    resolve as module\n' +
    "      /home/dell/myprojects/node_modules doesn't exist or is not a directory\n" +
    '      looking for modules in /home/dell/node_modules\n' +
    '        single file module\n' +
    '          using description file: /home/dell/package.json (relative path: ./node_modules/tailwindcss)\n' +
    '            no extension\n' +
    "              /home/dell/node_modules/tailwindcss doesn't exist\n" +
    '            .css\n' +
    "              /home/dell/node_modules/tailwindcss.css doesn't exist\n" +
    "        /home/dell/node_modules/tailwindcss doesn't exist\n" +
    "      /home/node_modules doesn't exist or is not a directory\n" +
    "      /node_modules doesn't exist or is not a directory"
}
Error: Can't resolve 'tailwindcss' in '/home/dell/myprojects'
    [2m[at finishWithoutResolve (/home/dell/myprojects/voice-assistant/node_modules/enhanced-resolve/lib/Resolver.js:909:18)][0m
    [2m[at /home/dell/myprojects/voice-assistant/node_modules/enhanced-resolve/lib/Resolver.js:1001:14][0m
    [2m[at /home/dell/myprojects/voice-assistant/node_modules/enhanced-resolve/lib/Resolver.js:1080:5][0m
    [2m[at eval (eval at create (/home/dell/myprojects/voice-assistant/node_modules/tapable/lib/HookCodeFactory.js:31:10), <anonymous>:15:1)][0m
    [2m[at /home/dell/myprojects/voice-assistant/node_modules/enhanced-resolve/lib/Resolver.js:1080:5][0m
    [2m[at eval (eval at create (/home/dell/myprojects/voice-assistant/node_modules/tapable/lib/HookCodeFactory.js:31:10), <anonymous>:27:1)][0m
    [2m[at /home/dell/myprojects/voice-assistant/node_modules/enhanced-resolve/lib/DescriptionFilePlugin.js:97:43][0m
    [2m[at /home/dell/myprojects/voice-assistant/node_modules/enhanced-resolve/lib/Resolver.js:1080:5][0m
    [2m[at eval (eval at create (/home/dell/myprojects/voice-assistant/node_modules/tapable/lib/HookCodeFactory.js:31:10), <anonymous>:15:1)][0m
    [2m[at /home/dell/myprojects/voice-assistant/node_modules/enhanced-resolve/lib/Resolver.js:1080:5][0m {
  details: "resolve 'tailwindcss' in '/home/dell/myprojects'\n" +
    '  Parsed request is a module\n' +
    '  using description file: /home/dell/package.json (relative path: ./myprojects)\n' +
    '    resolve as module\n' +
    "      /home/dell/myprojects/node_modules doesn't exist or is not a directory\n" +
    '      looking for modules in /home/dell/node_modules\n' +
    '        single file module\n' +
    '          using description file: /home/dell/package.json (relative path: ./node_modules/tailwindcss)\n' +
    '            no extension\n' +
    "              /home/dell/node_modules/tailwindcss doesn't exist\n" +
    '            .css\n' +
    "              /home/dell/node_modules/tailwindcss.css doesn't exist\n" +
    "        /home/dell/node_modules/tailwindcss doesn't exist\n" +
    "      /home/node_modules doesn't exist or is not a directory\n" +
    "      /node_modules doesn't exist or is not a directory"
}
